build/app/intermediates/manifest_merge_blame_file/debug/manifest-merger-blame-debug-report.txt
1<?xml version="1.0" encoding="utf-8"?>
2<manifest xmlns:android="http://schemas.android.com/apk/res/android"
3    package="com.example.purchase_log"
4    android:versionCode="1"
5    android:versionName="1.0.0" >
6
7    <uses-sdk
8        android:minSdkVersion="21"
9        android:targetSdkVersion="30" />
10    <!--
11         Flutter needs it to communicate with the running application
12         to allow setting breakpoints, to provide hot reload, etc.
13    -->
14    <uses-permission android:name="android.permission.INTERNET" />
14-->src\debug\AndroidManifest.xml:6:5-66
14-->src\debug\AndroidManifest.xml:6:22-64
15
16    <queries>
16-->src\main\AndroidManifest.xml:24:3-30:13
17
18        <!-- If your app opens https URLs -->
19        <intent>
19-->src\main\AndroidManifest.xml:26:5-29:14
20            <action android:name="android.intent.action.VIEW" />
20-->src\main\AndroidManifest.xml:27:7-59
20-->src\main\AndroidManifest.xml:27:15-56
21
22            <data android:scheme="https" />
22-->src\main\AndroidManifest.xml:28:7-38
22-->src\main\AndroidManifest.xml:28:13-35
23        </intent>
24    </queries>
25
26    <uses-permission android:name="android.permission.CAMERA" />
26-->[:flutter_barcode_scanner] AndroidManifest.xml:9:5-65
26-->[:flutter_barcode_scanner] AndroidManifest.xml:9:22-62
27
28    <uses-feature android:name="android.hardware.camera" />
28-->[:flutter_barcode_scanner] AndroidManifest.xml:11:5-60
28-->[:flutter_barcode_scanner] AndroidManifest.xml:11:19-57
29
30    <uses-permission android:name="android.permission.FLASHLIGHT" />
30-->[:flutter_barcode_scanner] AndroidManifest.xml:13:5-69
30-->[:flutter_barcode_scanner] AndroidManifest.xml:13:22-66
31    <uses-permission android:name="android.permission.RECORD_AUDIO" />
31-->[:camera] AndroidManifest.xml:8:5-71
31-->[:camera] AndroidManifest.xml:8:22-68
32
33    <application
33-->src\main\AndroidManifest.xml:2:3-23:17
34        android:appComponentFactory="androidx.core.app.CoreComponentFactory"
34-->[androidx.core:core:1.3.1] AndroidManifest.xml:24:18-86
35        android:debuggable="true"
36        android:icon="@mipmap/ic_launcher"
36-->src\main\AndroidManifest.xml:2:45-79
37        android:label="purchase_log"
37-->src\main\AndroidManifest.xml:2:16-44
38        android:largeHeap="true"
38-->[:flutter_barcode_scanner] AndroidManifest.xml:16:9-33
39        android:theme="@style/Theme.AppCompat.NoActionBar" >
39-->[:flutter_barcode_scanner] AndroidManifest.xml:17:9-59
40        <activity
40-->src\main\AndroidManifest.xml:3:5-19:16
41            android:name="com.example.purchase_log.MainActivity"
41-->src\main\AndroidManifest.xml:3:15-43
42            android:configChanges="orientation|keyboardHidden|keyboard|screenSize|smallestScreenSize|locale|layoutDirection|fontScale|screenLayout|density|uiMode"
42-->src\main\AndroidManifest.xml:3:110-260
43            android:hardwareAccelerated="true"
43-->src\main\AndroidManifest.xml:3:261-295
44            android:launchMode="singleTop"
44-->src\main\AndroidManifest.xml:3:44-74
45            android:theme="@style/LaunchTheme"
45-->src\main\AndroidManifest.xml:3:75-109
46            android:windowSoftInputMode="adjustResize" >
46-->src\main\AndroidManifest.xml:3:296-338
47
48            <!--
49           Specifies an Android theme to apply to this Activity as soon as
50                 the Android process has started. This theme is visible to the user
51                 while the Flutter UI initializes. After that, this theme continues
52                 to determine the Window background behind the Flutter UI.
53            -->
54            <meta-data
54-->src\main\AndroidManifest.xml:8:7-114
55                android:name="io.flutter.embedding.android.NormalTheme"
55-->src\main\AndroidManifest.xml:8:18-73
56                android:resource="@style/NormalTheme" />
56-->src\main\AndroidManifest.xml:8:74-111
57            <!--
58           Displays an Android View that continues showing the launch screen
59                 Drawable until Flutter paints its first frame, then this splash
60                 screen fades out. A splash screen is useful to avoid any visual
61                 gap between the end of Android's launch screen and the painting of
62                 Flutter's first frame.
63            -->
64            <meta-data
64-->src\main\AndroidManifest.xml:14:7-132
65                android:name="io.flutter.embedding.android.SplashScreenDrawable"
65-->src\main\AndroidManifest.xml:14:18-82
66                android:resource="@drawable/launch_background" />
66-->src\main\AndroidManifest.xml:14:83-129
67
68            <intent-filter>
68-->src\main\AndroidManifest.xml:15:7-18:23
69                <action android:name="android.intent.action.MAIN" />
69-->src\main\AndroidManifest.xml:16:9-60
69-->src\main\AndroidManifest.xml:16:17-58
70
71                <category android:name="android.intent.category.LAUNCHER" />
71-->src\main\AndroidManifest.xml:17:9-68
71-->src\main\AndroidManifest.xml:17:19-66
72            </intent-filter>
73        </activity>
74        <!--
75         Don't delete the meta-data below.
76             This is used by the Flutter tool to generate GeneratedPluginRegistrant.java
77        -->
78        <meta-data
78-->src\main\AndroidManifest.xml:22:5-68
79            android:name="flutterEmbedding"
79-->src\main\AndroidManifest.xml:22:16-47
80            android:value="2" />
80-->src\main\AndroidManifest.xml:22:48-65
81
82        <activity android:name="com.amolg.flutterbarcodescanner.BarcodeCaptureActivity" />
82-->[:flutter_barcode_scanner] AndroidManifest.xml:18:9-91
82-->[:flutter_barcode_scanner] AndroidManifest.xml:18:19-88
83
84        <provider
84-->[:image_picker] AndroidManifest.xml:8:9-16:20
85            android:name="io.flutter.plugins.imagepicker.ImagePickerFileProvider"
85-->[:image_picker] AndroidManifest.xml:9:13-82
86            android:authorities="com.example.purchase_log.flutter.image_provider"
86-->[:image_picker] AndroidManifest.xml:10:13-74
87            android:exported="false"
87-->[:image_picker] AndroidManifest.xml:11:13-37
88            android:grantUriPermissions="true" >
88-->[:image_picker] AndroidManifest.xml:12:13-47
89            <meta-data
89-->[:image_picker] AndroidManifest.xml:13:13-15:75
90                android:name="android.support.FILE_PROVIDER_PATHS"
90-->[:image_picker] AndroidManifest.xml:14:17-67
91                android:resource="@xml/flutter_image_picker_file_paths" />
91-->[:image_picker] AndroidManifest.xml:15:17-72
92        </provider>
93
94        <activity
94-->[:url_launcher] AndroidManifest.xml:8:9-11:74
95            android:name="io.flutter.plugins.urllauncher.WebViewActivity"
95-->[:url_launcher] AndroidManifest.xml:9:13-74
96            android:exported="false"
96-->[:url_launcher] AndroidManifest.xml:10:13-37
97            android:theme="@android:style/Theme.NoTitleBar.Fullscreen" />
97-->[:url_launcher] AndroidManifest.xml:11:13-71
98        <activity
98-->[com.google.android.gms:play-services-base:17.4.0] AndroidManifest.xml:23:9-26:75
99            android:name="com.google.android.gms.common.api.GoogleApiActivity"
99-->[com.google.android.gms:play-services-base:17.4.0] AndroidManifest.xml:24:13-79
100            android:exported="false"
100-->[com.google.android.gms:play-services-base:17.4.0] AndroidManifest.xml:25:13-37
101            android:theme="@android:style/Theme.Translucent.NoTitleBar" />
101-->[com.google.android.gms:play-services-base:17.4.0] AndroidManifest.xml:26:13-72
102
103        <meta-data
103-->[com.google.android.gms:play-services-basement:17.4.0] AndroidManifest.xml:23:9-25:69
104            android:name="com.google.android.gms.version"
104-->[com.google.android.gms:play-services-basement:17.4.0] AndroidManifest.xml:24:13-58
105            android:value="@integer/google_play_services_version" />
105-->[com.google.android.gms:play-services-basement:17.4.0] AndroidManifest.xml:25:13-66
106    </application>
107
108</manifest>